SF:lib/providers/notes_repository.dart
DA:8,1
DA:10,2
DA:11,2
DA:14,0
DA:15,0
DA:17,0
DA:18,0
DA:19,0
DA:21,0
DA:25,0
DA:26,0
DA:28,0
DA:29,0
DA:30,0
DA:32,0
DA:36,0
DA:37,0
DA:39,0
DA:40,0
DA:41,0
DA:43,0
DA:47,0
DA:49,0
DA:55,0
DA:57,0
DA:63,0
DA:64,0
DA:66,0
DA:67,0
DA:69,0
DA:73,1
DA:75,2
DA:82,10
DA:83,1
LF:34
LH:7
end_of_record
SF:lib/domain/note.dart
DA:9,6
DA:18,2
DA:26,2
DA:27,1
DA:28,1
DA:29,1
DA:30,2
DA:31,2
DA:32,1
DA:36,1
DA:37,1
DA:38,1
DA:39,1
DA:40,1
DA:41,2
DA:42,2
DA:43,2
DA:47,1
DA:48,1
DA:49,2
DA:50,1
DA:51,1
DA:52,6
DA:53,2
DA:54,2
DA:58,1
DA:60,7
DA:63,1
DA:66,0
DA:67,0
DA:68,0
DA:69,0
DA:70,0
DA:71,0
DA:72,0
DA:73,0
DA:76,0
DA:78,0
DA:79,0
DA:80,0
DA:81,0
DA:82,0
DA:83,0
LF:43
LH:28
end_of_record
SF:lib/providers.dart
DA:8,6
DA:12,4
LF:2
LH:2
end_of_record
SF:lib/settings/theme_gallery_page.dart
DA:8,1
DA:9,1
DA:10,6
DA:11,1
DA:16,3
DA:18,1
DA:20,2
DA:21,4
DA:23,1
DA:24,1
DA:26,1
DA:27,1
DA:29,1
DA:30,1
DA:38,1
DA:39,1
DA:40,1
DA:41,2
DA:43,1
DA:46,0
DA:47,0
DA:61,1
DA:68,1
DA:69,1
DA:75,1
DA:77,1
DA:78,1
DA:81,1
DA:83,4
DA:84,1
DA:85,2
DA:86,1
DA:94,1
DA:96,3
DA:98,1
DA:99,2
DA:100,1
DA:101,2
DA:102,2
DA:104,1
DA:106,1
DA:107,1
DA:108,2
DA:109,1
DA:110,1
DA:112,1
DA:114,1
DA:115,1
DA:116,4
DA:117,1
DA:120,1
DA:127,2
DA:128,1
DA:130,3
DA:131,3
DA:132,2
DA:134,1
DA:136,1
DA:137,1
DA:140,1
DA:142,1
DA:153,1
DA:155,1
DA:156,1
DA:157,1
DA:158,0
DA:159,1
DA:160,0
DA:161,1
DA:162,0
DA:163,1
DA:164,0
DA:165,1
DA:166,1
DA:167,1
DA:168,1
DA:169,1
DA:170,1
DA:171,1
DA:172,1
DA:173,1
DA:174,1
DA:175,1
DA:176,1
DA:178,0
DA:186,1
DA:188,1
DA:190,1
DA:194,1
DA:195,1
DA:197,1
DA:198,1
LF:92
LH:85
end_of_record
SF:lib/theme/theme_controller.dart
DA:13,5
DA:19,2
DA:24,2
DA:25,2
DA:26,2
DA:27,0
DA:36,15
DA:37,5
DA:38,10
DA:41,5
DA:44,5
DA:68,5
DA:70,5
DA:71,0
DA:73,0
DA:76,0
DA:77,0
DA:79,0
DA:85,2
DA:86,2
DA:87,6
DA:88,0
DA:92,6
DA:94,4
DA:95,2
DA:99,2
DA:100,0
DA:103,0
DA:110,0
DA:115,2
DA:118,2
DA:121,0
DA:123,0
DA:125,0
DA:127,0
DA:133,0
DA:137,1
DA:138,2
DA:139,7
DA:140,0
DA:146,0
DA:147,0
DA:150,0
DA:151,0
DA:153,0
DA:154,0
DA:159,20
DA:160,5
DA:164,19
DA:165,12
DA:168,8
DA:169,6
DA:172,8
DA:173,6
LF:54
LH:32
end_of_record
SF:lib/theme/theme_registry.dart
DA:6,9
LF:1
LH:1
end_of_record
SF:lib/theme/color_palette.dart
DA:30,12
DA:57,3
DA:58,6
DA:59,3
DA:61,3
DA:62,3
DA:63,6
DA:64,6
DA:65,6
DA:66,6
DA:67,6
DA:68,6
DA:69,6
DA:70,6
DA:71,6
DA:72,6
DA:73,6
DA:74,6
DA:75,6
DA:76,6
DA:77,6
DA:78,6
DA:79,6
DA:80,5
DA:81,5
DA:82,5
DA:83,5
DA:84,5
DA:85,5
DA:89,3
DA:90,3
DA:91,15
DA:92,6
DA:93,9
DA:96,0
DA:97,0
DA:98,0
DA:99,0
DA:100,0
DA:101,0
DA:102,0
DA:103,0
DA:104,0
DA:105,0
DA:106,0
DA:107,0
DA:108,0
DA:109,0
DA:110,0
DA:111,0
DA:112,0
DA:113,0
DA:114,0
DA:115,0
DA:116,0
DA:117,0
DA:118,0
DA:119,0
DA:120,0
DA:121,0
DA:125,2
DA:128,0
DA:129,0
DA:130,0
DA:131,0
DA:132,0
DA:133,0
DA:134,0
DA:135,0
DA:136,0
DA:137,0
DA:138,0
DA:139,0
DA:140,0
DA:141,0
DA:142,0
DA:143,0
DA:144,0
DA:145,0
DA:146,0
DA:147,0
DA:148,0
DA:149,0
DA:150,0
DA:151,0
DA:152,0
DA:155,0
DA:157,0
DA:158,0
DA:159,0
DA:160,0
DA:161,0
DA:162,0
DA:163,0
DA:164,0
DA:165,0
DA:166,0
DA:167,0
DA:168,0
DA:169,0
DA:170,0
DA:171,0
DA:172,0
DA:173,0
DA:174,0
DA:175,0
DA:176,0
DA:177,0
DA:178,0
DA:179,0
DA:180,0
LF:111
LH:35
end_of_record
SF:lib/theme/app_theme.dart
DA:5,5
DA:6,5
DA:7,5
DA:8,5
DA:9,5
DA:10,5
DA:11,5
DA:12,5
DA:13,5
DA:14,5
DA:15,5
DA:16,5
DA:17,5
DA:20,5
DA:23,5
DA:24,5
DA:25,5
DA:26,5
DA:27,5
DA:30,5
DA:31,5
DA:32,5
DA:38,5
DA:39,5
DA:41,5
DA:42,5
DA:47,5
DA:48,5
DA:49,5
DA:50,5
DA:51,5
DA:52,5
DA:57,5
DA:58,5
DA:59,5
DA:64,5
DA:66,5
DA:67,5
DA:68,5
DA:69,10
DA:71,5
DA:72,5
DA:73,10
DA:75,5
DA:76,5
DA:77,10
DA:79,10
DA:80,10
DA:84,5
DA:85,5
DA:89,5
DA:90,5
DA:91,5
DA:95,5
DA:96,10
DA:97,10
DA:98,10
DA:99,10
DA:100,10
DA:101,10
DA:102,10
DA:103,10
DA:104,10
DA:105,10
DA:106,10
DA:107,10
DA:112,5
DA:114,10
DA:115,5
DA:119,0
DA:120,0
DA:121,0
DA:122,0
DA:123,0
LF:74
LH:69
end_of_record
SF:lib/features/editor/plain_text_editor_notifier.dart
DA:11,0
DA:17,0
DA:22,0
DA:23,0
DA:24,0
DA:25,0
DA:29,0
DA:32,0
DA:33,0
DA:34,0
DA:35,0
DA:38,0
DA:39,0
DA:45,2
DA:48,4
DA:50,8
DA:52,0
DA:54,0
DA:55,0
DA:56,0
DA:58,0
DA:59,0
DA:60,0
DA:63,0
DA:70,0
DA:72,0
DA:75,0
DA:83,0
DA:84,0
DA:87,0
DA:88,0
DA:93,0
DA:95,0
DA:96,0
DA:100,0
DA:101,0
DA:104,0
DA:105,0
DA:110,0
DA:112,0
DA:113,0
DA:117,0
DA:118,0
DA:119,0
DA:120,0
DA:124,0
DA:125,0
DA:126,0
DA:130,0
DA:133,0
DA:134,0
DA:138,0
DA:139,0
DA:140,0
DA:143,0
DA:144,0
DA:146,0
DA:148,0
DA:154,0
DA:155,0
DA:161,0
DA:165,0
DA:166,0
LF:63
LH:3
end_of_record
SF:lib/features/editor/plain_text_editor_screen.dart
DA:9,1
DA:14,1
DA:15,1
DA:24,1
DA:26,1
DA:27,0
DA:28,0
DA:30,1
DA:33,0
DA:34,0
DA:35,0
DA:36,0
DA:37,0
DA:40,0
DA:41,0
DA:43,0
DA:44,0
DA:49,0
DA:50,0
DA:52,0
DA:53,0
DA:54,0
DA:55,0
DA:56,0
DA:57,0
DA:60,0
DA:61,0
DA:62,0
DA:65,0
DA:66,0
DA:75,0
DA:76,0
DA:80,1
DA:82,3
DA:83,6
DA:85,1
DA:87,0
DA:89,0
DA:90,0
DA:91,0
DA:95,1
DA:96,1
DA:97,1
DA:99,0
DA:100,0
DA:101,0
DA:105,1
DA:106,0
DA:107,0
DA:108,0
DA:110,1
DA:111,1
DA:113,1
DA:114,0
DA:115,0
DA:116,0
DA:118,0
DA:119,0
DA:124,2
DA:125,2
DA:128,1
DA:129,0
DA:130,0
DA:131,0
DA:133,2
DA:134,2
DA:136,2
DA:137,2
DA:144,0
DA:145,0
DA:146,0
DA:147,0
DA:149,0
DA:154,0
DA:155,0
DA:156,0
DA:158,0
DA:159,0
DA:160,0
DA:164,0
DA:165,0
DA:166,0
DA:167,0
DA:168,0
DA:170,0
DA:176,0
DA:177,0
DA:179,0
DA:183,0
DA:184,0
DA:193,0
DA:194,0
DA:195,0
LF:93
LH:24
end_of_record
SF:lib/data/database_provider.dart
DA:16,1
DA:17,3
DA:19,1
DA:20,1
DA:24,1
DA:25,1
DA:26,0
DA:28,0
DA:31,0
DA:32,0
DA:36,0
DA:37,0
DA:48,0
DA:57,0
DA:63,0
DA:69,0
DA:77,0
DA:78,0
DA:83,0
DA:84,0
DA:85,0
DA:88,1
DA:89,1
DA:90,0
DA:94,0
DA:97,0
DA:98,0
DA:99,0
DA:102,0
DA:106,0
DA:107,0
DA:112,0
DA:113,0
DA:114,0
DA:116,0
DA:118,0
DA:122,0
DA:123,0
DA:124,0
DA:127,0
DA:131,0
DA:132,0
DA:133,0
DA:136,0
DA:137,0
DA:142,0
DA:144,0
DA:147,0
DA:150,0
DA:155,1
DA:156,1
DA:157,0
DA:163,0
DA:164,0
DA:167,0
DA:168,0
DA:169,0
DA:170,0
DA:171,0
DA:172,0
LF:60
LH:10
end_of_record
SF:lib/features/editor/note_editor_page.dart
DA:15,2
DA:21,2
DA:22,2
DA:37,2
DA:40,2
DA:42,2
DA:43,2
DA:44,2
DA:47,2
DA:48,4
DA:49,4
DA:50,4
DA:53,6
DA:54,6
DA:55,6
DA:58,2
DA:59,4
DA:60,6
DA:61,2
DA:62,0
DA:64,0
DA:65,0
DA:67,0
DA:70,0
DA:71,0
DA:72,0
DA:76,0
DA:77,0
DA:82,2
DA:85,1
DA:86,1
DA:87,1
DA:92,2
DA:93,4
DA:94,2
DA:95,6
DA:96,6
DA:97,8
DA:98,2
DA:102,2
DA:103,6
DA:106,4
DA:107,5
DA:108,1
DA:112,1
DA:113,1
DA:116,0
DA:117,0
DA:118,0
DA:119,0
DA:120,0
DA:121,0
DA:122,0
DA:123,0
DA:124,0
DA:127,0
DA:129,0
DA:131,0
DA:134,0
DA:137,0
DA:138,0
DA:139,0
DA:142,0
DA:143,0
DA:144,0
DA:150,1
DA:151,2
DA:152,2
DA:153,1
DA:154,1
DA:155,1
DA:159,0
DA:161,0
DA:162,0
DA:167,2
DA:169,4
DA:170,4
DA:171,4
DA:172,4
DA:173,2
DA:176,2
DA:178,2
DA:180,6
DA:181,4
DA:182,4
DA:184,2
DA:185,2
DA:186,10
DA:188,4
DA:189,2
DA:190,2
DA:191,0
DA:193,0
DA:196,2
DA:197,4
DA:198,2
DA:203,2
DA:204,0
DA:205,0
DA:207,2
DA:211,2
DA:213,2
DA:214,2
DA:215,2
DA:217,2
DA:219,4
DA:220,2
DA:222,2
DA:227,2
DA:228,2
DA:229,2
DA:230,0
DA:231,0
DA:232,0
DA:233,0
DA:234,0
DA:238,2
DA:240,2
DA:241,2
DA:242,2
DA:243,2
DA:244,2
DA:245,2
DA:251,2
DA:252,2
DA:253,2
DA:254,2
DA:255,2
DA:268,2
DA:269,2
DA:270,2
DA:272,2
DA:274,2
DA:275,2
DA:276,2
DA:278,2
DA:279,4
DA:282,8
DA:287,2
DA:289,2
DA:290,2
DA:291,2
DA:293,2
DA:294,4
DA:301,2
DA:302,2
DA:307,2
DA:308,2
DA:310,2
DA:311,2
DA:320,2
DA:321,2
DA:322,4
DA:327,1
DA:328,1
DA:330,2
DA:332,1
DA:334,1
DA:335,1
DA:337,1
DA:338,1
DA:339,5
DA:340,1
DA:343,1
DA:345,1
DA:346,0
DA:347,0
DA:348,0
DA:351,1
DA:353,1
DA:354,0
DA:355,0
DA:356,0
LF:173
LH:127
end_of_record
SF:lib/features/editor/widgets/markdown_text_field.dart
DA:10,2
DA:18,2
DA:20,2
DA:21,2
DA:22,4
DA:23,2
DA:24,6
DA:26,2
DA:27,2
DA:32,2
DA:35,4
DA:38,2
DA:39,2
DA:40,2
DA:41,4
DA:46,4
DA:49,2
DA:50,4
DA:51,2
DA:52,2
DA:54,1
DA:56,1
DA:57,1
DA:58,1
DA:59,2
LF:25
LH:25
end_of_record
SF:lib/features/editor/widgets/markdown_preview.dart
DA:9,2
DA:15,2
DA:16,2
DA:22,2
DA:25,2
DA:27,2
DA:29,2
DA:30,2
DA:31,6
DA:32,8
DA:33,2
DA:35,6
DA:36,1
DA:37,2
DA:41,1
DA:42,1
DA:43,1
DA:45,1
DA:46,1
DA:49,3
DA:52,1
DA:54,1
DA:55,3
DA:60,1
DA:62,1
DA:63,3
DA:72,2
DA:73,2
DA:74,4
DA:76,2
DA:80,0
DA:82,0
DA:83,0
DA:84,0
DA:85,0
DA:92,2
DA:93,2
DA:95,2
DA:96,6
DA:100,2
DA:101,6
DA:106,2
DA:107,6
DA:112,2
DA:113,6
DA:118,2
DA:119,6
DA:124,2
DA:125,6
DA:130,2
DA:131,6
DA:138,2
DA:139,6
DA:142,2
DA:143,6
DA:146,2
DA:147,6
DA:152,2
DA:155,6
DA:156,6
DA:158,2
DA:159,6
DA:160,2
DA:161,8
DA:166,2
DA:167,6
DA:170,2
DA:171,6
DA:172,2
DA:173,2
DA:174,6
DA:182,2
DA:183,6
DA:189,2
DA:190,6
DA:195,2
DA:196,6
DA:199,2
DA:200,6
DA:202,2
DA:203,6
DA:210,2
DA:211,2
DA:212,2
DA:213,6
LF:85
LH:80
end_of_record
SF:lib/features/editor/widgets/editor_toolbar.dart
DA:8,2
DA:14,2
DA:16,2
DA:18,2
DA:19,4
DA:20,2
DA:21,6
DA:22,6
DA:25,2
DA:27,2
DA:28,2
DA:29,2
DA:32,3
DA:33,2
DA:35,2
DA:38,0
DA:39,2
DA:41,2
DA:44,0
DA:45,2
DA:48,2
DA:51,0
DA:52,2
DA:54,2
DA:57,0
DA:58,2
DA:61,2
DA:64,0
DA:65,2
DA:67,2
DA:70,0
DA:71,2
DA:74,2
DA:77,0
DA:78,2
DA:80,2
DA:83,0
DA:84,2
DA:86,2
DA:89,0
DA:90,2
DA:92,2
DA:95,0
DA:96,2
DA:99,2
DA:102,0
DA:105,2
DA:107,2
DA:110,0
DA:111,2
DA:126,2
DA:133,2
DA:135,2
DA:136,2
DA:137,2
DA:139,2
DA:140,2
DA:141,2
DA:142,2
DA:143,2
DA:145,2
DA:146,2
DA:148,4
LF:63
LH:51
end_of_record
SF:lib/features/editor/plain_text_editor_page.dart
DA:14,1
DA:20,1
DA:25,1
DA:26,0
DA:27,0
DA:28,1
DA:37,1
DA:39,3
DA:41,1
DA:42,0
DA:43,0
DA:44,0
DA:47,0
DA:48,0
DA:49,0
DA:56,1
DA:57,1
DA:58,1
DA:61,1
DA:62,1
DA:63,1
DA:70,1
DA:71,2
DA:72,1
DA:74,1
DA:75,3
DA:82,4
DA:83,1
DA:84,0
DA:85,0
DA:87,0
DA:88,0
DA:89,0
DA:92,0
DA:100,0
DA:101,0
DA:102,0
DA:103,0
DA:107,0
DA:109,0
DA:110,0
DA:115,1
DA:116,3
DA:117,2
DA:118,1
DA:122,2
DA:124,1
DA:125,0
DA:130,0
DA:131,0
DA:132,0
DA:133,0
DA:137,0
DA:138,0
DA:139,0
DA:140,0
DA:145,0
DA:146,0
DA:147,0
DA:151,0
DA:153,0
DA:154,0
DA:155,0
DA:158,0
DA:159,0
DA:161,0
DA:163,0
DA:169,0
DA:170,0
DA:176,0
DA:180,0
DA:181,0
DA:189,2
DA:195,1
DA:196,1
DA:206,1
DA:208,1
DA:209,2
DA:210,2
DA:212,2
DA:213,2
DA:216,3
DA:217,1
DA:221,1
DA:222,1
DA:225,4
DA:226,4
DA:228,2
DA:229,2
DA:230,1
DA:231,2
DA:232,0
DA:233,0
DA:234,0
DA:235,0
DA:237,1
DA:240,2
DA:241,5
DA:244,1
DA:246,2
DA:247,2
DA:248,1
DA:251,1
DA:252,3
DA:254,1
DA:255,1
DA:256,2
DA:257,1
DA:258,1
DA:259,2
DA:262,1
DA:263,1
DA:264,0
DA:267,1
DA:268,0
DA:277,0
DA:278,0
DA:282,1
DA:284,3
DA:285,3
DA:287,1
DA:289,0
DA:291,0
DA:292,0
DA:293,0
DA:297,1
DA:298,1
DA:299,1
DA:301,1
DA:302,1
DA:303,0
DA:307,1
DA:308,2
DA:309,1
DA:310,0
DA:312,1
DA:313,2
DA:314,2
DA:315,1
DA:317,0
DA:318,0
DA:323,2
DA:324,0
DA:327,1
DA:328,2
DA:329,2
DA:330,2
DA:332,0
DA:333,0
DA:340,1
DA:342,5
DA:343,0
DA:346,7
DA:348,1
DA:349,1
DA:350,1
DA:352,4
DA:357,0
DA:358,0
DA:359,0
DA:361,0
DA:362,0
DA:363,0
DA:367,1
DA:368,4
DA:369,1
DA:370,3
DA:371,4
DA:377,1
DA:379,5
DA:380,0
DA:383,6
DA:385,1
DA:387,1
DA:388,1
DA:397,4
DA:398,1
DA:399,5
LF:178
LH:105
end_of_record
SF:lib/main.dart
DA:8,0
DA:9,0
DA:13,4
DA:15,2
DA:17,4
DA:18,4
DA:21,2
DA:22,2
DA:23,2
DA:24,2
DA:30,0
DA:40,2
DA:42,0
DA:44,0
DA:45,0
DA:47,0
DA:48,0
DA:50,0
DA:51,0
DA:52,0
DA:53,0
DA:58,0
DA:59,0
DA:60,0
DA:61,0
DA:62,0
DA:63,0
DA:65,0
DA:66,0
DA:68,0
DA:69,0
DA:71,0
DA:73,0
DA:76,0
DA:77,0
DA:78,0
DA:85,0
DA:86,0
DA:87,0
DA:88,0
DA:95,0
DA:96,0
DA:97,0
DA:99,0
DA:100,0
DA:103,0
DA:106,0
DA:108,0
DA:111,0
DA:115,0
DA:117,0
DA:119,0
DA:127,0
DA:128,0
DA:130,0
DA:131,0
DA:132,0
DA:133,0
DA:135,0
DA:136,0
DA:137,0
DA:138,0
DA:140,0
DA:145,0
DA:147,0
DA:148,0
DA:150,0
DA:151,0
DA:152,0
DA:157,0
DA:159,0
DA:161,0
DA:162,0
DA:164,0
DA:166,0
DA:169,0
DA:171,0
DA:174,0
DA:175,0
DA:176,0
DA:177,0
DA:179,0
DA:184,0
DA:185,0
DA:187,0
DA:195,0
DA:196,0
DA:197,0
DA:199,0
DA:200,0
DA:201,0
DA:202,0
DA:203,0
DA:204,0
DA:205,0
DA:206,0
DA:212,0
DA:213,0
DA:215,0
DA:216,0
DA:217,0
DA:223,0
DA:224,0
DA:226,0
DA:227,0
LF:105
LH:9
end_of_record
